<?xml version="1.0" encoding="UTF-8"?>
<!-- Generated by org.testng.reporters.JUnitReportReporter -->
<testsuite hostname="LAPTOP-FQMF849E" failures="0" tests="1" name="com.iNetBanking_v1.testCases.TC_LoginPageTest_001_myCode" time="26.366" errors="0" timestamp="2022-07-16T00:28:42 IST" skipped="0">
  <testcase classname="com.iNetBanking_v1.testCases.TC_LoginPageTest_001_myCode" name="loginTest" time="26.366"/>
  <system-out/>
</testsuite> <!-- com.iNetBanking_v1.testCases.TC_LoginPageTest_001_myCode -->
