<?xml version="1.0" encoding="UTF-8"?>
<!-- Generated by org.testng.reporters.JUnitReportReporter -->
<testsuite hostname="LAPTOP-FQMF849E" failures="0" tests="1" name="com.iNetBanking_v1.testCases.TC_AddNewCustomerPageTest_003_myCode" time="33.502" errors="0" timestamp="2022-07-16T00:28:42 IST" skipped="0">
  <testcase classname="com.iNetBanking_v1.testCases.TC_AddNewCustomerPageTest_003_myCode" name="addNewCustomer" time="33.502"/>
  <system-out/>
</testsuite> <!-- com.iNetBanking_v1.testCases.TC_AddNewCustomerPageTest_003_myCode -->
